# JRE version: Java(TM) SE Runtime Environment (8.0_201-b09) (build 1.8.0_201-b09)
# Java VM: Java HotSpot(TM) 64-Bit Server VM (25.201-b09 mixed mode windows-amd64 compressed oops)
Heap:
 PSYoungGen      total 294400K, used 49861K [0x00000000ec380000, 0x00000000ff600000, 0x0000000100000000)
  eden space 281088K, 13% used [0x00000000ec380000,0x00000000ee736080,0x00000000fd600000)
  from space 13312K, 99% used [0x00000000fe900000,0x00000000ff5fb6a0,0x00000000ff600000)
  to   space 16384K, 0% used [0x00000000fd600000,0x00000000fd600000,0x00000000fe600000)
 ParOldGen       total 41984K, used 18893K [0x00000000c4a00000, 0x00000000c7300000, 0x00000000ec380000)
  object space 41984K, 45% used [0x00000000c4a00000,0x00000000c5c73558,0x00000000c7300000)
 Metaspace       used 48286K, capacity 50034K, committed 50392K, reserved 1093632K
  class space    used 6450K, capacity 6792K, committed 6912K, reserved 1048576K
GC Heap History (10 events):
Event: 26.048 GC heap before
{Heap before GC invocations=10 (full 1):
 PSYoungGen      total 123392K, used 122730K [0x00000000ec380000, 0x00000000f4600000, 0x0000000100000000)
  eden space 117248K, 100% used [0x00000000ec380000,0x00000000f3600000,0x00000000f3600000)
  from space 6144K, 89% used [0x00000000f4000000,0x00000000f455a8d0,0x00000000f4600000)
  to   space 8192K, 0% used [0x00000000f3600000,0x00000000f3600000,0x00000000f3e00000)
 ParOldGen       total 26624K, used 8085K [0x00000000c4a00000, 0x00000000c6400000, 0x00000000ec380000)
  object space 26624K, 30% used [0x00000000c4a00000,0x00000000c51e5720,0x00000000c6400000)
 Metaspace       used 29128K, capacity 30196K, committed 30464K, reserved 1075200K
  class space    used 3783K, capacity 4035K, committed 4096K, reserved 1048576K
Event: 26.061 GC heap after
Heap after GC invocations=10 (full 1):
 PSYoungGen      total 125440K, used 8175K [0x00000000ec380000, 0x00000000f8a00000, 0x0000000100000000)
  eden space 117248K, 0% used [0x00000000ec380000,0x00000000ec380000,0x00000000f3600000)
  from space 8192K, 99% used [0x00000000f3600000,0x00000000f3dfbdc0,0x00000000f3e00000)
  to   space 9728K, 0% used [0x00000000f8080000,0x00000000f8080000,0x00000000f8a00000)
 ParOldGen       total 26624K, used 9207K [0x00000000c4a00000, 0x00000000c6400000, 0x00000000ec380000)
  object space 26624K, 34% used [0x00000000c4a00000,0x00000000c52fdeb0,0x00000000c6400000)
 Metaspace       used 29128K, capacity 30196K, committed 30464K, reserved 1075200K
  class space    used 3783K, capacity 4035K, committed 4096K, reserved 1048576K
}
Event: 27.781 GC heap before
{Heap before GC invocations=11 (full 1):
 PSYoungGen      total 125440K, used 125423K [0x00000000ec380000, 0x00000000f8a00000, 0x0000000100000000)
  eden space 117248K, 100% used [0x00000000ec380000,0x00000000f3600000,0x00000000f3600000)
  from space 8192K, 99% used [0x00000000f3600000,0x00000000f3dfbdc0,0x00000000f3e00000)
  to   space 9728K, 0% used [0x00000000f8080000,0x00000000f8080000,0x00000000f8a00000)
 ParOldGen       total 26624K, used 9207K [0x00000000c4a00000, 0x00000000c6400000, 0x00000000ec380000)
  object space 26624K, 34% used [0x00000000c4a00000,0x00000000c52fdeb0,0x00000000c6400000)
 Metaspace       used 33813K, capacity 35332K, committed 35416K, reserved 1079296K
  class space    used 4421K, capacity 4721K, committed 4736K, reserved 1048576K
Event: 27.800 GC heap after
Heap after GC invocations=11 (full 1):
 PSYoungGen      total 189952K, used 9720K [0x00000000ec380000, 0x00000000f9080000, 0x0000000100000000)
  eden space 180224K, 0% used [0x00000000ec380000,0x00000000ec380000,0x00000000f7380000)
  from space 9728K, 99% used [0x00000000f8080000,0x00000000f89fe288,0x00000000f8a00000)
  to   space 13312K, 0% used [0x00000000f7380000,0x00000000f7380000,0x00000000f8080000)
 ParOldGen       total 26624K, used 15176K [0x00000000c4a00000, 0x00000000c6400000, 0x00000000ec380000)
  object space 26624K, 57% used [0x00000000c4a00000,0x00000000c58d20f8,0x00000000c6400000)
 Metaspace       used 33813K, capacity 35332K, committed 35416K, reserved 1079296K
  class space    used 4421K, capacity 4721K, committed 4736K, reserved 1048576K
}
Event: 27.810 GC heap before
{Heap before GC invocations=12 (full 1):
 PSYoungGen      total 189952K, used 12731K [0x00000000ec380000, 0x00000000f9080000, 0x0000000100000000)
  eden space 180224K, 1% used [0x00000000ec380000,0x00000000ec670cd0,0x00000000f7380000)
  from space 9728K, 99% used [0x00000000f8080000,0x00000000f89fe288,0x00000000f8a00000)
  to   space 13312K, 0% used [0x00000000f7380000,0x00000000f7380000,0x00000000f8080000)
 ParOldGen       total 26624K, used 15176K [0x00000000c4a00000, 0x00000000c6400000, 0x00000000ec380000)
  object space 26624K, 57% used [0x00000000c4a00000,0x00000000c58d20f8,0x00000000c6400000)
 Metaspace       used 33834K, capacity 35396K, committed 35416K, reserved 1079296K
  class space    used 4423K, capacity 4721K, committed 4736K, reserved 1048576K
Event: 27.821 GC heap after
Heap after GC invocations=12 (full 1):
 PSYoungGen      total 193536K, used 213K [0x00000000ec380000, 0x00000000ff600000, 0x0000000100000000)
  eden space 180224K, 0% used [0x00000000ec380000,0x00000000ec380000,0x00000000f7380000)
  from space 13312K, 1% used [0x00000000f7380000,0x00000000f73b54b0,0x00000000f8080000)
  to   space 13312K, 0% used [0x00000000fe900000,0x00000000fe900000,0x00000000ff600000)
 ParOldGen       total 26624K, used 24908K [0x00000000c4a00000, 0x00000000c6400000, 0x00000000ec380000)
  object space 26624K, 93% used [0x00000000c4a00000,0x00000000c62532e8,0x00000000c6400000)
 Metaspace       used 33834K, capacity 35396K, committed 35416K, reserved 1079296K
  class space    used 4423K, capacity 4721K, committed 4736K, reserved 1048576K
}
Event: 27.821 GC heap before
{Heap before GC invocations=13 (full 2):
 PSYoungGen      total 193536K, used 213K [0x00000000ec380000, 0x00000000ff600000, 0x0000000100000000)
  eden space 180224K, 0% used [0x00000000ec380000,0x00000000ec380000,0x00000000f7380000)
  from space 13312K, 1% used [0x00000000f7380000,0x00000000f73b54b0,0x00000000f8080000)
  to   space 13312K, 0% used [0x00000000fe900000,0x00000000fe900000,0x00000000ff600000)
 ParOldGen       total 26624K, used 24908K [0x00000000c4a00000, 0x00000000c6400000, 0x00000000ec380000)
  object space 26624K, 93% used [0x00000000c4a00000,0x00000000c62532e8,0x00000000c6400000)
 Metaspace       used 33834K, capacity 35396K, committed 35416K, reserved 1079296K
  class space    used 4423K, capacity 4721K, committed 4736K, reserved 1048576K
Event: 27.911 GC heap after
Heap after GC invocations=13 (full 2):
 PSYoungGen      total 193536K, used 0K [0x00000000ec380000, 0x00000000ff600000, 0x0000000100000000)
  eden space 180224K, 0% used [0x00000000ec380000,0x00000000ec380000,0x00000000f7380000)
  from space 13312K, 0% used [0x00000000f7380000,0x00000000f7380000,0x00000000f8080000)
  to   space 13312K, 0% used [0x00000000fe900000,0x00000000fe900000,0x00000000ff600000)
 ParOldGen       total 41984K, used 17288K [0x00000000c4a00000, 0x00000000c7300000, 0x00000000ec380000)
  object space 41984K, 41% used [0x00000000c4a00000,0x00000000c5ae2070,0x00000000c7300000)
 Metaspace       used 33834K, capacity 35396K, committed 35416K, reserved 1079296K
  class space    used 4423K, capacity 4721K, committed 4736K, reserved 1048576K
}
Event: 31.612 GC heap before
{Heap before GC invocations=14 (full 2):
 PSYoungGen      total 193536K, used 180224K [0x00000000ec380000, 0x00000000ff600000, 0x0000000100000000)
  eden space 180224K, 100% used [0x00000000ec380000,0x00000000f7380000,0x00000000f7380000)
  from space 13312K, 0% used [0x00000000f7380000,0x00000000f7380000,0x00000000f8080000)
  to   space 13312K, 0% used [0x00000000fe900000,0x00000000fe900000,0x00000000ff600000)
 ParOldGen       total 41984K, used 17288K [0x00000000c4a00000, 0x00000000c7300000, 0x00000000ec380000)
  object space 41984K, 41% used [0x00000000c4a00000,0x00000000c5ae2070,0x00000000c7300000)
 Metaspace       used 44877K, capacity 46492K, committed 46808K, reserved 1089536K
  class space    used 6006K, capacity 6325K, committed 6400K, reserved 1048576K
Event: 31.630 GC heap after
Heap after GC invocations=14 (full 2):
 PSYoungGen      total 294400K, used 13293K [0x00000000ec380000, 0x00000000ff600000, 0x0000000100000000)
  eden space 281088K, 0% used [0x00000000ec380000,0x00000000ec380000,0x00000000fd600000)
  from space 13312K, 99% used [0x00000000fe900000,0x00000000ff5fb6a0,0x00000000ff600000)
  to   space 16384K, 0% used [0x00000000fd600000,0x00000000fd600000,0x00000000fe600000)
 ParOldGen       total 41984K, used 18893K [0x00000000c4a00000, 0x00000000c7300000, 0x00000000ec380000)
  object space 41984K, 45% used [0x00000000c4a00000,0x00000000c5c73558,0x00000000c7300000)
 Metaspace       used 44877K, capacity 46492K, committed 46808K, reserved 1089536K
  class space    used 6006K, capacity 6325K, committed 6400K, reserved 1048576K
}

